Command line:
   valores_somador_isim_beh.exe
     -simmode  gui
     -simrunnum  0
     -socket  58668

Fri Dec 22 00:51:02 2023


 Elaboration Time: 0.03125 sec

 Current Memory Usage: 5149.88 Meg

 Total Signals          : 25
 Total Nets             : 67
 Total Signal Drivers   : 15
 Total Blocks           : 3
 Total Primitive Blocks : 2
 Total Processes        : 19
 Total Traceable Variables  : 28
 Total Scalar Nets and Variables : 201
Total Line Count : 57

 Total Simulation Time: 0.0625 sec

 Current Memory Usage: 5149.88 Meg

Fri Dec 22 00:51:14 2023

